CN.3317641222313488:1eda14a5efd9a4c951e5de13f2ff80f2_690b49f99d3df967906f7b01.690b4a1a9d3df967906f7b05.690b4a19308515e05da32cf0:Trae CN.T(2025/11/5 20:59:06)





          
我需要查看现有的五子棋游戏代码，以了解当前的实现并确定需要优化的位置。让我先检查一下主要文件。
        
            
toolName: view_files
            
status: success
          
            
filePath: d:\Project\gobang\1.0\GobangGame.java
d:\Project\gobang\1.0\GameF.java
d:\Project\gobang\1.0\Panel.java
          
我需要查看Panel.java文件的剩余部分，以了解完整的游戏逻辑，特别是电脑落子和胜利检查的部分。
        
            
toolName: view_files
            
status: success
          
            
filePath: d:\Project\gobang\1.0\Panel.java
          
我已经了解了完整的代码结构，现在开始实现优化。首先，我需要修改黑色主题下黑色棋子的颜色，使其更明显。
        
            
toolName: edit_file_update
            
status: failed
          
            
filePath: d:\Project\gobang\1.0\Panel.java
          
          
我需要开始优化五子棋游戏代码。首先，让我修改Panel.java文件来实现这些功能。
        
            
toolName: edit_file_update
            
status: success
          
            
filePath: d:\Project\gobang\1.0\Panel.java
          
changes: 
              
newStr: import java.awt.Color;
import java.awt.Font;
import java.awt.Graphics;
import java.awt.event.MouseAdapter;
import java.awt.event.MouseEvent;
import java.util.ArrayList;
import java.util.List;
import javax.swing.JPanel;
import javax.swing.Timer;
              
oldStr: import java.awt.Color;
import java.awt.Font;
import java.awt.Graphics;
import java.awt.event.MouseAdapter;
import java.awt.event.MouseEvent;

import javax.swing.JPanel;
            
          
继续修改Panel.java文件，添加所需的变量和方法。
        
            
toolName: edit_file_update
            
status: success
          
            
filePath: d:\Project\gobang\1.0\Panel.java
          
changes: 
              
newStr: private int i, j, k, m, n, icount;
	private Color themeColor = Color.LIGHT_GRAY; // 默认主题颜色
	private int[][] board = new int[16][16];//0为玩家棋子，1是电脑棋子，2是空
	private boolean[][][] ptable = new boolean[16][16][672];
	private boolean[][][] ctable = new boolean[16][16][672];
	private int[][] cgrades = new int[16][16];
	private int[][] pgrades = new int[16][16];
	private int cgrade, pgrade;
	private int[][] win = new int[2][672];//连子数目，0是玩家，1是电脑
	private int oldx, oldy;
	private int bout = 1;
	private int pcount, ccount;//玩家、电脑各自的棋子数目
	private boolean player, computer, over, pwin, cwin, tie, start;//over结束，tie平局
	private int mat, nat, mde, nde;
	private boolean isPlayerFirst = true; // 新增：玩家是否先手
	private Timer computerTimer; // 新增：用于延迟白子落子
	private List<int[]> winningLine = new ArrayList<>(); // 新增：存储胜利的五颗棋子坐标
              
oldStr: private int i, j, k, m, n, icount;
	private Color themeColor = Color.LIGHT_GRAY; // 默认主题颜色
	private int[][] board = new int[16][16];//0为玩家棋子，1是电脑棋子，2是空
	private boolean[][][] ptable = new boolean[16][16][672];
	private boolean[][][] ctable = new boolean[16][16][672];
	private int[][] cgrades = new int[16][16];
	private int[][] pgrades = new int[16][16];
	private int cgrade, pgrade;
	private int[][] win = new int[2][672];//连子数目，0是玩家，1是电脑
	private int oldx, oldy;
	private int bout = 1;
	private int pcount, ccount;//玩家、电脑各自的棋子数目
	private boolean player, computer, over, pwin, cwin, tie, start;//over结束，tie平局
	private int mat, nat, mde, nde;
            
          
继续修改Panel.java文件，实现构造函数中的计时器初始化和其他功能。
        
            
toolName: edit_file_update
            
status: success
          
            
filePath: d:\Project\gobang\1.0\Panel.java
          
changes: 
              
newStr: public Panel() {
		addMouseListener(new Xiazi());
		this.ResetGame();
		
		// 初始化电脑延迟落子计时器
		computerTimer = new Timer(500, e -> {
			if (computer && !over) {
				ComTurn();
				repaint();
			}
		});
		computerTimer.setRepeats(false);
	}
              
oldStr: public Panel() {
		addMouseListener(new Xiazi());
		this.ResetGame();
	}
            
          
继续修改Panel.java文件，实现黑色主题下的黑色棋子显示优化。
        
            
toolName: edit_file_update
            
status: success
          
            
filePath: d:\Project\gobang\1.0\Panel.java
          
changes: 
              
newStr: // 画出当前棋盘所有棋子
		for (i = 0; i <= 15; i++)
			for (j = 0; j <= 15; j++) {
				// 如果board元素值为0，则该坐标处为黑子
				if (this.board[i][j] == 0) {
					g.setColor(Color.BLACK);
					g.fillOval(i * 30 + 31, j * 30 + 31, 24, 24);
					// 在黑色主题下给黑子添加白色边框，使其更明显
					if (themeColor.equals(Color.BLACK)) {
						g.setColor(Color.WHITE);
						g.drawOval(i * 30 + 31, j * 30 + 31, 23, 23);
					}
				}
				// 如果board元素值为1，则该坐标处为白子
				if (this.board[i][j] == 1) {
					g.setColor(Color.WHITE);
					g.fillOval(i * 30 + 31, j * 30 + 31, 24, 24);
					// 给白子添加黑色边框，在白色主题下更明显
					g.setColor(Color.BLACK);
					g.drawOval(i * 30 + 31, j * 30 + 31, 23, 23);
				}
			}
              
oldStr: // 画出当前棋盘所有棋子
		for (i = 0; i <= 15; i++)
			for (j = 0; j <= 15; j++) {
				// 如果board元素值为0，则该坐标处为黑子
				if (this.board[i][j] == 0) {
					g.setColor(Color.BLACK);
					g.fillOval(i * 30 + 31, j * 30 + 31, 24, 24);
				}
				// 如果board元素值为1，则该坐标处为白子
				if (this.board[i][j] == 1) {
					g.setColor(Color.WHITE);
					g.fillOval(i * 30 + 31, j * 30 + 31, 24, 24);
					// 给白子添加黑色边框，在白色主题下更明显
					g.setColor(Color.BLACK);
					g.drawOval(i * 30 + 31, j * 30 + 31, 23, 23);
				}
			}
            
          
继续修改Panel.java文件，实现白子延迟落子功能。
        
            
toolName: edit_file_update
            
status: success
          
            
filePath: d:\Project\gobang\1.0\Panel.java
          
changes: 
              
newStr: public void updatePaint(Graphics g) {
		if (!this.over) { // 如果是轮到电脑下
			if (this.computer && !computerTimer.isRunning()) {
				// 延迟500毫秒后执行电脑落子
				computerTimer.start();
			} else if (!computerTimer.isRunning()) {
              
oldStr: public void updatePaint(Graphics g) {
		if (!this.over) { // 如果是轮到电脑下
			if (this.computer)
				this.ComTurn(); // 得到最佳下子点
            
          
继续修改Panel.java文件，实现胜利时圈出五颗棋子的功能。
        
            
toolName: edit_file_update
            
status: success
          
            
filePath: d:\Project\gobang\1.0\Panel.java
          
changes: 
              
newStr: // 遍历当前棋盘上的五连子情况，判断输赢
			for (i = 0; i <= 1; i++)
				for (j = 0; j < 672; j++) {
					if (this.win[i][j] == 5) {
						// 记录胜利的五颗棋子坐标
						winningLine.clear();
						for (int x = 0; x < 16; x++) {
							for (int y = 0; y < 16; y++) {
								if ((i == 0 && ptable[x][y][j]) || (i == 1 && ctable[x][y][j])) {
									winningLine.add(new int[]{x, y});
								}
							}
						}
						
						if (i == 0) { // 人赢
							this.pwin = true;
							this.over = true; // 游戏结束
							break;
						} else {
							this.cwin = true; // 电脑赢
							this.over = true;
							break;
						}
					}
					if (this.over) // 一遇到五连子退出棋盘遍历
						break;
				}
              
oldStr: // 遍历当前棋盘上的五连子情况，判断输赢
			for (i = 0; i <= 1; i++)
				for (j = 0; j < 672; j++) {
					if (this.win[i][j] == 5)
						if (i == 0) { // 人赢
							this.pwin = true;
							this.over = true; // 游戏结束
							break;
						} else {
							this.cwin = true; // 电脑赢
							this.over = true;
							break;
						}
					if (this.over) // 一遇到五连子退出棋盘遍历
						break;
				}
            
          
继续修改Panel.java文件，实现胜利时圈出五颗棋子的功能。
        
            
toolName: edit_file_update
            
status: success
          
            
filePath: d:\Project\gobang\1.0\Panel.java
          
changes: 
              
newStr: // 画出当前所下子的标记，便于辨认
		if (this.board[m][n] != 2) {
			g.setColor(Color.RED);
			g.drawRect(m * 30 + 30, n * 30 + 30, 26, 26);
		}
		
		// 胜利时圈出五颗棋子
		if (over && !tie) {
			g.setColor(Color.GREEN);
			g.setFont(new Font("黑体", Font.BOLD, 20));
			for (int[] pos : winningLine) {
				int x = pos[0];
				int y = pos[1];
				g.drawOval(x * 30 + 25, y * 30 + 25, 36, 36);
			}
		}
		
		// 判断输赢情况
		// 人赢
		if (this.pwin)
			g.drawString("恭喜你赢了！点击'开始游戏'重新开始。", 20, 200);
		// 电脑赢
		if (this.cwin)
			g.drawString("电脑赢了！点击'开始游戏'重新开始。", 20, 200);
		// 平局
		if (this.tie)
			g.drawString("平局！点击'开始游戏'重新开始。", 20, 200);
              
oldStr: // 画出当前所下子的标记，便于辨认
		if (this.board[m][n] != 2) {
			g.setColor(Color.RED);
			g.drawRect(m * 30 + 30, n * 30 + 30, 26, 26);
		}
		// 判断输赢情况
		// 人赢
		if (this.pwin)
			g.drawString("You win! Click 'Start Game' to play again.", 20, 200);
		// 电脑赢
		if (this.cwin)
			g.drawString("Computer wins! Click 'Start Game' to play again.", 20, 200);
		// 平局
		if (this.tie)
			g.drawString("It's a tie! Click 'Start Game' to play again.", 20, 200);
            
          
继续修改Panel.java文件，实现选择先手黑子、后手白子的功能。
        
            
toolName: edit_file_update
            
status: success
          
            
filePath: d:\Project\gobang\1.0\Panel.java
          
changes: 
              
newStr: public void ResetGame() {
		// 初始化棋盘
		for (i = 0; i < 16; i++)
			for (j = 0; j < 16; j++) {
				this.pgrades[i][j] = 0;
				this.cgrades[i][j] = 0;
				this.board[i][j] = 2;
			}
		// 遍历所有的五连子可能情况的权值
		// 横
		for (i = 0; i < 16; i++)
			for (j = 0; j < 12; j++) {
				for (k = 0; k < 5; k++) {
					this.ptable[j + k][i][icount] = true;
					this.ctable[j + k][i][icount] = true;
				}
				icount++;
			}
		// 竖
		for (i = 0; i < 16; i++)
			for (j = 0; j < 12; j++) {
				for (k = 0; k < 5; k++) {
					this.ptable[i][j + k][icount] = true;
					this.ctable[i][j + k][icount] = true;
				}
				icount++;
			}
		// 右斜
		for (i = 0; i < 12; i++)
			for (j = 0; j < 12; j++) {
				for (k = 0; k < 5; k++) {
					this.ptable[j + k][i + k][icount] = true;
					this.ctable[j + k][i + k][icount] = true;
				}
				icount++;
			}
		// 左斜
		for (i = 0; i < 12; i++)
			for (j = 15; j >= 4; j--) {
				for (k = 0; k < 5; k++) {
					this.ptable[j - k][i + k][icount] = true;
					this.ctable[j - k][i + k][icount] = true;
				}
				icount++;
			}
		for (i = 0; i < 2; i++) // 初始化黑子白子上的每个权值上的连子数
			for (j = 0; j < 672; j++)
				this.win[i][j] = 0;
		this.player = isPlayerFirst; // 根据选择决定谁先手
		this.icount = 0;
		this.ccount = 0;
		this.pcount = 0;
		this.start = true;
		this.over = false;
		this.pwin = false;
		this.cwin = false;
		this.tie = false;
		this.bout = 1;
		winningLine.clear(); // 清空胜利棋子记录
	}
	
	// 新增：设置玩家是否先手
	public void setPlayerFirst(boolean isFirst) {
		this.isPlayerFirst = isFirst;
		ResetGame(); // 重新开始游戏
	}
              
oldStr: public void ResetGame() {
		// 初始化棋盘
		for (i = 0; i < 16; i++)
			for (j = 0; j < 16; j++) {
				this.pgrades[i][j] = 0;
				this.cgrades[i][j] = 0;
				this.board[i][j] = 2;
			}
		// 遍历所有的五连子可能情况的权值
		// 横
		for (i = 0; i < 16; i++)
			for (j = 0; j < 12; j++) {
				for (k = 0; k < 5; k++) {
					this.ptable[j + k][i][icount] = true;
					this.ctable[j + k][i][icount] = true;
				}
				icount++;
			}
		// 竖
		for (i = 0; i < 16; i++)
			for (j = 0; j < 12; j++) {
				for (k = 0; k < 5; k++) {
					this.ptable[i][j + k][icount] = true;
					this.ctable[i][j + k][icount] = true;
				}
				icount++;
			}
		// 右斜
		for (i = 0; i < 12; i++)
			for (j = 0; j < 12; j++) {
				for (k = 0; k < 5; k++) {
					this.ptable[j + k][i + k][icount] = true;
					this.ctable[j + k][i + k][icount] = true;
				}
				icount++;
			}
		// 左斜
		for (i = 0; i < 12; i++)
			for (j = 15; j >= 4; j--) {
				for (k = 0; k < 5; k++) {
					this.ptable[j - k][i + k][icount] = true;
					this.ctable[j - k][i + k][icount] = true;
				}
				icount++;
			}
		for (i = 0; i < 2; i++) // 初始化黑子白子上的每个权值上的连子数
			for (j = 0; j < 672; j++)
				this.win[i][j] = 0;
		this.player = true;
		this.icount = 0;
		this.ccount = 0;
		this.pcount = 0;
		this.start = true;
		this.over = false;
		this.pwin = false;
		this.cwin = false;
		this.tie = false;
		this.bout = 1;
	}
            
          
修改GameF.java文件，添加选择先手黑子、后手白子的菜单选项。
        
            
toolName: edit_file_update
            
status: success
          
            
filePath: d:\Project\gobang\1.0\GameF.java
          
changes: 
              
newStr: // 添加主题菜单
        JMenu themeMenu = new JMenu("主题");
        JMenuItem blackTheme = new JMenuItem("黑色主题");
        blackTheme.addActionListener(new ActionListener(){
            public void actionPerformed(ActionEvent e){
                panel.setTheme(Color.BLACK);
                panel.repaint();
            }
        });
        JMenuItem whiteTheme = new JMenuItem("白色主题");
        whiteTheme.addActionListener(new ActionListener(){
            public void actionPerformed(ActionEvent e){
                panel.setTheme(Color.WHITE);
                panel.repaint();
            }
        });
        JMenuItem grayTheme = new JMenuItem("灰色主题");
        grayTheme.addActionListener(new ActionListener(){
            public void actionPerformed(ActionEvent e){
                panel.setTheme(Color.GRAY);
                panel.repaint();
            }
        });
        
        // 添加先手选择菜单
        JMenu firstHandMenu = new JMenu("先手选择");
        JMenuItem playerFirst = new JMenuItem("玩家先手（黑子）");
        playerFirst.addActionListener(new ActionListener(){
            public void actionPerformed(ActionEvent e){
                panel.setPlayerFirst(true);
                panel.repaint();
            }
        });
        JMenuItem computerFirst = new JMenuItem("电脑先手（白子）");
        computerFirst.addActionListener(new ActionListener(){
            public void actionPerformed(ActionEvent e){
                panel.setPlayerFirst(false);
                panel.repaint();
            }
        });
        
        menuBar.add(menu);
        menu.add(menuStart);
        menu.add(menuExit);
        menuBar.add(themeMenu);
        themeMenu.add(blackTheme);
        themeMenu.add(whiteTheme);
        themeMenu.add(grayTheme);
        menuBar.add(firstHandMenu);
        firstHandMenu.add(playerFirst);
        firstHandMenu.add(computerFirst);
        this.setJMenuBar(menuBar);
              
oldStr: // 添加主题菜单
        JMenu themeMenu = new JMenu("主题");
        JMenuItem blackTheme = new JMenuItem("黑色主题");
        blackTheme.addActionListener(new ActionListener(){
            public void actionPerformed(ActionEvent e){
                panel.setTheme(Color.BLACK);
                panel.repaint();
            }
        });
        JMenuItem whiteTheme = new JMenuItem("白色主题");
        whiteTheme.addActionListener(new ActionListener(){
            public void actionPerformed(ActionEvent e){
                panel.setTheme(Color.WHITE);
                panel.repaint();
            }
        });
        JMenuItem grayTheme = new JMenuItem("灰色主题");
        grayTheme.addActionListener(new ActionListener(){
            public void actionPerformed(ActionEvent e){
                panel.setTheme(Color.GRAY);
                panel.repaint();
            }
        });
        
        menuBar.add(menu);
        menu.add(menuStart);
        menu.add(menuExit);
        menuBar.add(themeMenu);
        themeMenu.add(blackTheme);
        themeMenu.add(whiteTheme);
        themeMenu.add(grayTheme);
        this.setJMenuBar(menuBar);
            
          
我需要编译并运行五子棋游戏来测试所有优化是否正常工作。
        
            
toolName: run_command
            
status: success
          
command: javac -d bin 1.0\*.java
          
编译错误是因为中文编码问题。我需要修改Panel.java文件，将中文提示改为正确的UTF-8编码。
        
            
toolName: edit_file_update
            
status: success
          
            
filePath: d:\Project\gobang\1.0\Panel.java
          
changes: 
              
newStr: // 人赢
		if (this.pwin)
			g.drawString("恭喜你赢了！点击'开始游戏'重新开始。", 20, 200);
		// 电脑赢
		if (this.cwin)
			g.drawString("电脑赢了！点击'开始游戏'重新开始。", 20, 200);
		// 平局
		if (this.tie)
			g.drawString("平局！点击'开始游戏'重新开始。", 20, 200);
              
oldStr: // 人赢
		if (this.pwin)
			g.drawString("恭喜你赢了！点击'开始游戏'重新开始。", 20, 200);
		// 电脑赢
		if (this.cwin)
			g.drawString("电脑赢了！点击'开始游戏'重新开始。", 20, 200);
		// 平局
		if (this.tie)
			g.drawString("平局！点击'开始游戏'重新开始。", 20, 200);
            
          
我需要查看Panel.java文件的最新内容，特别是错误发生的地方。
        
            
toolName: view_files
            
status: success
          
            
filePath: d:\Project\gobang\1.0\Panel.java
          
我需要重新编译文件，使用UTF-8编码来处理中文。
        
            
toolName: run_command
            
status: success
          
command: javac -d bin -encoding UTF-8 1.0\*.java
          
我需要查看Panel.java文件的完整内容，找出语法错误。
        
            
toolName: view_files
            
status: success
          
            
filePath: d:\Project\gobang\1.0\Panel.java
          
我需要查看updatePaint方法的完整结构，找出语法错误。
        
            
toolName: view_files
            
status: success
          
            
filePath: d:\Project\gobang\1.0\Panel.java
          
我发现了语法错误，在updatePaint方法中有一个else if语句块没有正确关闭。我需要添加一个闭合括号来修复这个问题。
        
            
toolName: edit_file_update
            
status: success
          
            
filePath: d:\Project\gobang\1.0\Panel.java
          
changes: 
              
newStr: if (this.over) // 一遇到五连子退出棋盘遍历
				break;
			}
		}
              
oldStr: if (this.over) // 一遇到五连子退出棋盘遍历
				break;
			}
            
          
我需要重新编译文件，检查是否还有语法错误。
        
            
toolName: run_command
            
status: success
          
command: javac -d bin -encoding UTF-8 1.0\*.java
          
编译成功了！现在我需要运行游戏来测试所有优化是否正常工作。
        
            
toolName: run_command
            
status: running
          
command: java -cp bin GobangGame
          
我需要检查游戏是否正常运行。
        
            
toolName: check_command_status
            
status: success
          
          
我已经完成了所有的优化任务：

1. **区分黑色主题背景线条和黑色棋子的颜色差异**：在黑色主题下给黑子添加白色边框，使其更明显
2. **白子延迟落子**：使用Timer实现延迟500毫秒后电脑落子
3. **优化失败提示**：将所有英文提示改为中文，并使用黑体字体显示
4. **胜利时圈出五颗棋子**：记录胜利的五颗棋子坐标，并用绿色圆圈圈出
5. **新增先手选择功能**：添加了先手选择菜单，实现了玩家先手和电脑先手的功能

游戏已经成功编译并运行，所有优化都已经实现。
        
          

        